<?xml version="1.0" encoding="UTF-8"?>
<testsuite xmlns:xsi="http://www.w3.org/2001/XMLSchema-instance" xsi:noNamespaceSchemaLocation="https://maven.apache.org/surefire/maven-surefire-plugin/xsd/surefire-test-report.xsd" name="site.stellarburgers.nomoreparties.LoginTest" time="45.293" tests="4" errors="0" skipped="0" failures="0">
  <properties>
[...]
</properties>
  <testcase name="testMainPageLogin" classname="site.stellarburgers.nomoreparties.LoginTest" time="10.804"/>
  <testcase name="testRegistrationPageLogin" classname="site.stellarburgers.nomoreparties.LoginTest" time="12.245"/>
  <testcase name="testHeaderLogin" classname="site.stellarburgers.nomoreparties.LoginTest" time="10.908"/>
  <testcase name="testResetPasswordPageLogin" classname="site.stellarburgers.nomoreparties.LoginTest" time="11.319"/>
</testsuite>